<?xml version="1.0" encoding="UTF-8"?>
<coverage generated="1507621951798" clover="3.2.0">
  <project timestamp="1507621951798" name="All files">
    <metrics statements="124" coveredstatements="92" conditionals="66" coveredconditionals="41" methods="14" coveredmethods="10" elements="204" coveredelements="143" complexity="0" loc="124" ncloc="124" packages="2" files="11" classes="11">
      <package name="src">
        <metrics statements="120" coveredstatements="88" conditionals="66" coveredconditionals="41" methods="14" coveredmethods="10"/>
        <file name="class-declaration.js" path="/home/yurik/Desktop/export-loader/src/class-declaration.js">
          <metrics statements="5" coveredstatements="5" conditionals="2" coveredconditionals="2" methods="1" coveredmethods="1"/>
          <line num="2" count="2" type="cond" truecount="2" falsecount="0"/>
          <line num="3" count="1" type="stmt"/>
          <line num="4" count="1" type="stmt"/>
          <line num="5" count="1" type="stmt"/>
          <line num="8" count="2" type="stmt"/>
        </file>
        <file name="esprima.js" path="/home/yurik/Desktop/export-loader/src/esprima.js">
          <metrics statements="39" coveredstatements="32" conditionals="17" coveredconditionals="12" methods="4" coveredmethods="4"/>
          <line num="1" count="1" type="stmt"/>
          <line num="2" count="1" type="stmt"/>
          <line num="3" count="1" type="stmt"/>
          <line num="4" count="1" type="stmt"/>
          <line num="5" count="1" type="stmt"/>
          <line num="6" count="1" type="stmt"/>
          <line num="11" count="4" type="stmt"/>
          <line num="12" count="3" type="cond" truecount="2" falsecount="0"/>
          <line num="13" count="2" type="stmt"/>
          <line num="14" count="2" type="stmt"/>
          <line num="15" count="2" type="stmt"/>
          <line num="16" count="2" type="stmt"/>
          <line num="17" count="15" type="stmt"/>
          <line num="18" count="15" type="stmt"/>
          <line num="19" count="15" type="cond" truecount="4" falsecount="3"/>
          <line num="21" count="0" type="stmt"/>
          <line num="22" count="0" type="stmt"/>
          <line num="24" count="0" type="stmt"/>
          <line num="25" count="0" type="stmt"/>
          <line num="27" count="5" type="stmt"/>
          <line num="28" count="5" type="stmt"/>
          <line num="30" count="3" type="stmt"/>
          <line num="31" count="3" type="stmt"/>
          <line num="33" count="1" type="stmt"/>
          <line num="34" count="1" type="stmt"/>
          <line num="36" count="0" type="stmt"/>
          <line num="37" count="0" type="stmt"/>
          <line num="39" count="6" type="stmt"/>
          <line num="42" count="2" type="stmt"/>
          <line num="43" count="2" type="stmt"/>
          <line num="44" count="2" type="stmt"/>
          <line num="45" count="2" type="stmt"/>
          <line num="50" count="2" type="stmt"/>
          <line num="51" count="9" type="cond" truecount="1" falsecount="1"/>
          <line num="52" count="9" type="cond" truecount="4" falsecount="0"/>
          <line num="53" count="2" type="cond" truecount="1" falsecount="1"/>
          <line num="54" count="0" type="stmt"/>
          <line num="56" count="2" type="stmt"/>
          <line num="64" count="1" type="stmt"/>
        </file>
        <file name="export-loader.js" path="/home/yurik/Desktop/export-loader/src/export-loader.js">
          <metrics statements="16" coveredstatements="15" conditionals="2" coveredconditionals="2" methods="1" coveredmethods="1"/>
          <line num="1" count="1" type="stmt"/>
          <line num="2" count="1" type="stmt"/>
          <line num="3" count="1" type="stmt"/>
          <line num="4" count="1" type="stmt"/>
          <line num="5" count="1" type="stmt"/>
          <line num="10" count="1" type="stmt"/>
          <line num="12" count="1" type="cond" truecount="2" falsecount="0"/>
          <line num="14" count="1" type="stmt"/>
          <line num="15" count="1" type="stmt"/>
          <line num="16" count="1" type="stmt"/>
          <line num="18" count="1" type="stmt"/>
          <line num="26" count="1" type="stmt"/>
          <line num="28" count="0" type="stmt"/>
          <line num="30" count="1" type="stmt"/>
          <line num="33" count="1" type="stmt"/>
          <line num="34" count="1" type="stmt"/>
        </file>
        <file name="handle-assignment-expression.js" path="/home/yurik/Desktop/export-loader/src/handle-assignment-expression.js">
          <metrics statements="11" coveredstatements="9" conditionals="12" coveredconditionals="11" methods="1" coveredmethods="1"/>
          <line num="3" count="5" type="stmt"/>
          <line num="4" count="5" type="cond" truecount="5" falsecount="0"/>
          <line num="5" count="2" type="stmt"/>
          <line num="6" count="3" type="cond" truecount="6" falsecount="1"/>
          <line num="8" count="3" type="stmt"/>
          <line num="9" count="3" type="stmt"/>
          <line num="12" count="0" type="stmt"/>
          <line num="15" count="0" type="stmt"/>
          <line num="17" count="5" type="stmt"/>
          <line num="18" count="5" type="stmt"/>
          <line num="21" count="2" type="stmt"/>
        </file>
        <file name="handle-default-expression.js" path="/home/yurik/Desktop/export-loader/src/handle-default-expression.js">
          <metrics statements="6" coveredstatements="1" conditionals="0" coveredconditionals="0" methods="1" coveredmethods="0"/>
          <line num="3" count="0" type="stmt"/>
          <line num="4" count="0" type="stmt"/>
          <line num="6" count="0" type="stmt"/>
          <line num="8" count="0" type="stmt"/>
          <line num="9" count="0" type="stmt"/>
          <line num="12" count="2" type="stmt"/>
        </file>
        <file name="handle-export-named-declaration.js" path="/home/yurik/Desktop/export-loader/src/handle-export-named-declaration.js">
          <metrics statements="13" coveredstatements="1" conditionals="10" coveredconditionals="0" methods="3" coveredmethods="0"/>
          <line num="5" count="0" type="stmt"/>
          <line num="6" count="0" type="cond" truecount="0" falsecount="2"/>
          <line num="7" count="0" type="stmt"/>
          <line num="8" count="0" type="stmt"/>
          <line num="10" count="0" type="cond" truecount="0" falsecount="4"/>
          <line num="11" count="0" type="stmt"/>
          <line num="13" count="0" type="cond" truecount="0" falsecount="4"/>
          <line num="14" count="0" type="stmt"/>
          <line num="15" count="0" type="stmt"/>
          <line num="17" count="0" type="stmt"/>
          <line num="18" count="0" type="stmt"/>
          <line num="20" count="0" type="stmt"/>
          <line num="25" count="2" type="stmt"/>
        </file>
        <file name="handle-expression-statement.js" path="/home/yurik/Desktop/export-loader/src/handle-expression-statement.js">
          <metrics statements="10" coveredstatements="8" conditionals="6" coveredconditionals="3" methods="1" coveredmethods="1"/>
          <line num="1" count="2" type="stmt"/>
          <line num="2" count="2" type="stmt"/>
          <line num="5" count="5" type="stmt"/>
          <line num="6" count="5" type="cond" truecount="2" falsecount="2"/>
          <line num="8" count="5" type="cond" truecount="1" falsecount="1"/>
          <line num="10" count="5" type="stmt"/>
          <line num="11" count="5" type="stmt"/>
          <line num="13" count="0" type="stmt"/>
          <line num="14" count="0" type="stmt"/>
          <line num="20" count="2" type="stmt"/>
        </file>
        <file name="handle-function-declaration.js" path="/home/yurik/Desktop/export-loader/src/handle-function-declaration.js">
          <metrics statements="8" coveredstatements="8" conditionals="8" coveredconditionals="7" methods="1" coveredmethods="1"/>
          <line num="2" count="4" type="cond" truecount="4" falsecount="0"/>
          <line num="4" count="3" type="cond" truecount="2" falsecount="0"/>
          <line num="5" count="2" type="stmt"/>
          <line num="6" count="1" type="cond" truecount="1" falsecount="1"/>
          <line num="7" count="1" type="stmt"/>
          <line num="9" count="3" type="stmt"/>
          <line num="10" count="3" type="stmt"/>
          <line num="13" count="2" type="stmt"/>
        </file>
        <file name="handle-variable-declaration.js" path="/home/yurik/Desktop/export-loader/src/handle-variable-declaration.js">
          <metrics statements="12" coveredstatements="9" conditionals="9" coveredconditionals="4" methods="1" coveredmethods="1"/>
          <line num="4" count="4" type="cond" truecount="3" falsecount="1"/>
          <line num="5" count="0" type="stmt"/>
          <line num="6" count="4" type="cond" truecount="1" falsecount="4"/>
          <line num="11" count="0" type="stmt"/>
          <line num="12" count="0" type="stmt"/>
          <line num="14" count="4" type="stmt"/>
          <line num="15" count="4" type="stmt"/>
          <line num="17" count="4" type="stmt"/>
          <line num="19" count="4" type="stmt"/>
          <line num="21" count="4" type="stmt"/>
          <line num="22" count="4" type="stmt"/>
          <line num="25" count="2" type="stmt"/>
        </file>
      </package>
      <package name="test-utils">
        <metrics statements="4" coveredstatements="4" conditionals="0" coveredconditionals="0" methods="0" coveredmethods="0"/>
        <file name="function-declaration.example.js" path="/home/yurik/Desktop/export-loader/test-utils/function-declaration.example.js">
          <metrics statements="2" coveredstatements="2" conditionals="0" coveredconditionals="0" methods="0" coveredmethods="0"/>
          <line num="1" count="1" type="stmt"/>
          <line num="42" count="1" type="stmt"/>
        </file>
        <file name="var-declaration.example.js" path="/home/yurik/Desktop/export-loader/test-utils/var-declaration.example.js">
          <metrics statements="2" coveredstatements="2" conditionals="0" coveredconditionals="0" methods="0" coveredmethods="0"/>
          <line num="1" count="1" type="stmt"/>
          <line num="19" count="1" type="stmt"/>
        </file>
      </package>
    </metrics>
  </project>
</coverage>
