TN:
SF:/home/yurik/Desktop/export-loader/src/class-declaration.js
FN:1,handleClassDeclaration
FNF:1
FNH:1
FNDA:2,handleClassDeclaration
DA:2,2
DA:3,1
DA:4,1
DA:5,1
DA:8,2
LF:5
LH:5
BRDA:2,0,0,1
BRDA:2,0,1,1
BRF:2
BRH:2
end_of_record
TN:
SF:/home/yurik/Desktop/export-loader/src/esprima.js
FN:10,generateExports
FN:11,(anonymous_1)
FN:49,hashMapToInject
FN:50,insertName
FNF:4
FNH:4
FNDA:4,generateExports
FNDA:3,(anonymous_1)
FNDA:2,hashMapToInject
FNDA:9,insertName
DA:1,1
DA:2,1
DA:3,1
DA:4,1
DA:5,1
DA:6,1
DA:11,4
DA:12,3
DA:13,2
DA:14,2
DA:15,2
DA:16,2
DA:17,15
DA:18,15
DA:19,15
DA:21,0
DA:22,0
DA:24,0
DA:25,0
DA:27,5
DA:28,5
DA:30,3
DA:31,3
DA:33,1
DA:34,1
DA:36,0
DA:37,0
DA:39,6
DA:42,2
DA:43,2
DA:44,2
DA:45,2
DA:50,2
DA:51,9
DA:52,9
DA:53,2
DA:54,0
DA:56,2
DA:64,1
LF:39
LH:32
BRDA:12,0,0,1
BRDA:12,0,1,2
BRDA:19,1,0,0
BRDA:19,1,1,0
BRDA:19,1,2,5
BRDA:19,1,3,3
BRDA:19,1,4,1
BRDA:19,1,5,0
BRDA:19,1,6,6
BRDA:51,2,0,0
BRDA:51,2,1,9
BRDA:52,3,0,2
BRDA:52,3,1,7
BRDA:52,4,0,9
BRDA:52,4,1,7
BRDA:53,5,0,0
BRDA:53,5,1,2
BRF:17
BRH:12
end_of_record
TN:
SF:/home/yurik/Desktop/export-loader/src/export-loader.js
FN:9,exportLoader
FNF:1
FNH:1
FNDA:1,exportLoader
DA:1,1
DA:2,1
DA:3,1
DA:4,1
DA:5,1
DA:10,1
DA:12,1
DA:14,1
DA:15,1
DA:16,1
DA:18,1
DA:26,1
DA:28,0
DA:30,1
DA:33,1
DA:34,1
LF:16
LH:15
BRDA:12,0,0,1
BRDA:12,0,1,1
BRF:2
BRH:2
end_of_record
TN:
SF:/home/yurik/Desktop/export-loader/src/handle-assignment-expression.js
FN:1,handleAssignmentExpression
FNF:1
FNH:1
FNDA:5,handleAssignmentExpression
DA:3,5
DA:4,5
DA:5,2
DA:6,3
DA:8,3
DA:9,3
DA:12,0
DA:15,0
DA:17,5
DA:18,5
DA:21,2
LF:11
LH:9
BRDA:4,0,0,2
BRDA:4,0,1,3
BRDA:4,1,0,5
BRDA:4,1,1,5
BRDA:4,1,2,5
BRDA:6,2,0,3
BRDA:6,2,1,0
BRDA:6,3,0,3
BRDA:6,3,1,3
BRDA:6,3,2,3
BRDA:6,3,3,3
BRDA:6,3,4,3
BRF:12
BRH:11
end_of_record
TN:
SF:/home/yurik/Desktop/export-loader/src/handle-default-expression.js
FN:1,handleDefaultExpression
FNF:1
FNH:0
FNDA:0,handleDefaultExpression
DA:3,0
DA:4,0
DA:6,0
DA:8,0
DA:9,0
DA:12,2
LF:6
LH:1
BRF:0
BRH:0
end_of_record
TN:
SF:/home/yurik/Desktop/export-loader/src/handle-export-named-declaration.js
FN:1,handleExportNamedDeclaration
FN:11,(anonymous_1)
FN:18,(anonymous_2)
FNF:3
FNH:0
FNDA:0,handleExportNamedDeclaration
FNDA:0,(anonymous_1)
FNDA:0,(anonymous_2)
DA:5,0
DA:6,0
DA:7,0
DA:8,0
DA:10,0
DA:11,0
DA:13,0
DA:14,0
DA:15,0
DA:17,0
DA:18,0
DA:20,0
DA:25,2
LF:13
LH:1
BRDA:6,0,0,0
BRDA:6,0,1,0
BRDA:10,1,0,0
BRDA:10,1,1,0
BRDA:10,2,0,0
BRDA:10,2,1,0
BRDA:13,3,0,0
BRDA:13,3,1,0
BRDA:13,4,0,0
BRDA:13,4,1,0
BRF:10
BRH:0
end_of_record
TN:
SF:/home/yurik/Desktop/export-loader/src/handle-expression-statement.js
FN:4,handleExpressionStatement
FNF:1
FNH:1
FNDA:5,handleExpressionStatement
DA:1,2
DA:2,2
DA:5,5
DA:6,5
DA:8,5
DA:10,5
DA:11,5
DA:13,0
DA:14,0
DA:20,2
LF:10
LH:8
BRDA:6,0,0,0
BRDA:6,0,1,5
BRDA:6,1,0,5
BRDA:6,1,1,0
BRDA:8,2,0,5
BRDA:8,2,1,0
BRF:6
BRH:3
end_of_record
TN:
SF:/home/yurik/Desktop/export-loader/src/handle-function-declaration.js
FN:1,handleFunctionDeclaration
FNF:1
FNH:1
FNDA:4,handleFunctionDeclaration
DA:2,4
DA:4,3
DA:5,2
DA:6,1
DA:7,1
DA:9,3
DA:10,3
DA:13,2
LF:8
LH:8
BRDA:2,0,0,1
BRDA:2,0,1,3
BRDA:2,1,0,4
BRDA:2,1,1,2
BRDA:4,2,0,2
BRDA:4,2,1,1
BRDA:6,3,0,1
BRDA:6,3,1,0
BRF:8
BRH:7
end_of_record
TN:
SF:/home/yurik/Desktop/export-loader/src/handle-variable-declaration.js
FN:1,handleVariableDeclaration
FNF:1
FNH:1
FNDA:4,handleVariableDeclaration
DA:4,4
DA:5,0
DA:6,4
DA:11,0
DA:12,0
DA:14,4
DA:15,4
DA:17,4
DA:19,4
DA:21,4
DA:22,4
DA:25,2
LF:12
LH:9
BRDA:4,0,0,4
BRDA:4,0,1,0
BRDA:4,1,0,4
BRDA:4,1,1,4
BRDA:6,2,0,0
BRDA:6,2,1,0
BRDA:6,2,2,0
BRDA:6,2,3,0
BRDA:6,2,4,4
BRF:9
BRH:4
end_of_record
TN:
SF:/home/yurik/Desktop/export-loader/test-utils/function-declaration.example.js
FNF:0
FNH:0
DA:1,1
DA:42,1
LF:2
LH:2
BRF:0
BRH:0
end_of_record
TN:
SF:/home/yurik/Desktop/export-loader/test-utils/var-declaration.example.js
FNF:0
FNH:0
DA:1,1
DA:19,1
LF:2
LH:2
BRF:0
BRH:0
end_of_record
